<?xml version="1.0" encoding="UTF-8"?>
<!-- Generated by org.testng.reporters.JUnitReportReporter -->
<testsuite hostname="TL1061" failures="0" tests="1" name="testcases.VerifyLogin" time="11.941" errors="0" timestamp="2023-08-06T18:28:10 IST" skipped="0">
  <testcase classname="testcases.VerifyLogin" name="runLogin" time="11.941"/>
  <system-out/>
</testsuite> <!-- testcases.VerifyLogin -->
