<?xml version="1.0" encoding="UTF-8"?>
<!-- Generated by org.testng.reporters.JUnitReportReporter -->
<testsuite hostname="TL1061" failures="0" tests="1" name="testcases.CreateLeadTestcase" time="20.556" errors="0" timestamp="2023-08-13T16:03:10 IST" skipped="0">
  <testcase classname="testcases.CreateLeadTestcase" name="runCreateLead" time="20.556"/>
  <system-out/>
</testsuite> <!-- testcases.CreateLeadTestcase -->
