<?xml version="1.0" encoding="UTF-8"?>
<!-- Generated by org.testng.reporters.JUnitReportReporter -->
<testsuite hostname="TL1061" failures="0" tests="1" name="testcases.VerifyLogin" time="8.453" errors="0" timestamp="2023-08-13T15:32:32 IST" skipped="0">
  <testcase classname="testcases.VerifyLogin" name="runLogin" time="8.453"/>
  <system-out/>
</testsuite> <!-- testcases.VerifyLogin -->
