<?xml version="1.0" encoding="UTF-8"?>
<!-- Generated by org.testng.reporters.JUnitReportReporter -->
<testsuite hostname="TL1061" failures="0" tests="2" name="testcases.CucumberRunner" time="33.458" errors="0" timestamp="2023-08-12T18:44:40 IST" skipped="0">
  <testcase classname="testcases.CucumberRunner" name="runScenario" time="14.296"/>
  <system-out/>
  <testcase classname="testcases.CucumberRunner" name="runScenario" time="19.162"/>
  <system-out/>
</testsuite> <!-- testcases.CucumberRunner -->
